2022-04-14 01:46:06 INFO  App:27 - Inside Main Class
2022-04-14 01:50:04 INFO  App:32 - Inside Main Class
2022-04-14 01:51:31 INFO  App:32 - Inside Main Class
2022-04-14 01:52:11 INFO  App:34 - Inside Main Class
2022-04-14 01:52:30 INFO  App:34 - Inside Main Class
2022-04-14 01:53:23 INFO  App:34 - Inside Main Class
2022-04-14 01:54:46 INFO  App:32 - Inside Main Class
2022-04-14 01:54:47 INFO  App:39 - XML configuration was loaded successfully
2022-04-14 01:57:44 INFO  App:32 - Inside Main Class
2022-04-14 01:57:44 INFO  App:39 - XML configuration was loaded successfully
2022-04-14 02:00:46 INFO  App:32 - Inside Main Class
2022-04-14 02:04:59 INFO  App:32 - Inside Main Class
2022-04-14 02:06:16 INFO  App:32 - Inside Main Class
2022-04-14 02:06:17 INFO  App:38 - XML configuration was loaded successfully
2022-04-14 02:09:13 INFO  App:32 - Inside Main Class
2022-04-14 02:09:14 INFO  App:39 - XML configuration was loaded successfully
2022-04-14 02:09:33 INFO  App:32 - Inside Main Class
2022-04-14 02:09:34 INFO  App:40 - XML configuration was loaded successfully
2022-04-14 02:10:57 INFO  App:32 - Inside Main Class
2022-04-14 02:10:58 INFO  App:41 - XML configuration was loaded successfully
2022-04-14 02:11:10 INFO  App:32 - Inside Main Class
2022-04-14 02:11:10 INFO  App:41 - XML configuration was loaded successfully
2022-04-14 02:17:22 INFO  App:32 - Inside Main Class
2022-04-14 02:17:23 INFO  App:41 - XML configuration was loaded successfully
2022-04-14 02:17:43 INFO  App:29 - Inside Main Class
2022-04-14 02:17:43 INFO  App:39 - XML configuration was loaded successfully
2022-04-14 02:19:52 INFO  App:33 - Inside Main Class
2022-04-14 02:19:53 INFO  App:41 - XML based configuration was loaded successfully
2022-04-14 02:19:53 INFO  App:43 - Annotation based configuration was loaded successfully
2022-04-14 02:29:47 INFO  App:33 - Inside Main Class
2022-04-14 02:29:48 INFO  App:44 - Annotation based configuration was loaded successfully
2022-04-14 02:33:13 INFO  App:35 - Inside Main Class
2022-04-14 02:33:31 INFO  App:35 - Inside Main Class
2022-04-14 02:33:53 INFO  App:35 - Inside Main Class
2022-04-14 02:34:51 INFO  App:35 - Inside Main Class
2022-04-14 02:36:30 INFO  App:35 - Inside Main Class
2022-04-14 02:42:02 INFO  App:35 - Inside Main Class
2022-04-14 02:42:49 INFO  App:35 - Inside Main Class
2022-04-14 02:44:38 INFO  App:35 - Inside Main Class
2022-04-14 02:45:05 INFO  App:35 - Inside Main Class
2022-04-14 02:45:09 INFO  App:44 - DB Connection was successfull
2022-04-14 02:45:09 INFO  App:46 - XML based configuration was loaded successfully
2022-04-14 18:29:48 INFO  App:35 - Inside Main Class
2022-04-14 18:29:58 INFO  App:44 - DB Connection was successfull
2022-04-14 18:29:58 INFO  App:46 - XML based configuration was loaded successfully
2022-04-14 18:34:55 INFO  App:35 - Inside Main Class
2022-04-14 18:36:20 INFO  App:35 - Inside Main Class
2022-04-14 18:36:23 INFO  App:44 - DB Connection was successfull
2022-04-14 18:36:23 INFO  App:46 - XML based configuration was loaded successfully
2022-04-14 18:43:43 INFO  App:35 - Inside Main Class
2022-04-14 18:45:14 INFO  App:35 - Inside Main Class
2022-04-14 18:45:17 INFO  App:45 - DB Connection was successfull
2022-04-14 18:45:17 INFO  App:47 - XML based configuration was loaded successfully
2022-04-14 18:45:30 INFO  App:35 - Inside Main Class
2022-04-14 18:46:05 INFO  App:35 - Inside Main Class
2022-04-14 18:46:27 INFO  App:35 - Inside Main Class
2022-04-14 18:57:05 INFO  App:31 - Inside Main Class
2022-04-14 18:57:08 INFO  AgentService:18 - Inside AgentService :: doCheck
2022-04-14 18:57:08 INFO  App:40 - DB Connection was successfull
2022-04-14 18:57:08 INFO  App:42 - XML based configuration was loaded successfully
2022-04-14 19:31:06 INFO  App:29 - Inside Main Class
2022-04-14 19:31:08 INFO  AgentService:25 - Inside AgentService :: doCheck
2022-04-14 19:31:08 INFO  App:41 - XML based configuration was loaded successfully
2022-04-14 20:43:23 INFO  App:29 - Inside Main Class
2022-04-14 20:43:36 INFO  AgentService:25 - Inside AgentService :: doCheck
2022-04-14 20:43:36 INFO  App:41 - XML based configuration was loaded successfully
2022-04-14 20:45:49 INFO  App:29 - Inside Main Class
2022-04-14 20:47:31 INFO  App:29 - Inside Main Class
2022-04-14 20:47:35 INFO  AgentService:25 - Inside AgentService :: doCheck
2022-04-14 20:47:35 INFO  App:43 - XML based configuration was loaded successfully
2022-04-15 23:11:14 INFO  App:29 - Inside Main Class
2022-04-15 23:11:52 INFO  App:29 - Inside Main Class
2022-04-15 23:16:02 INFO  App:29 - Inside Main Class
2022-04-15 23:17:12 INFO  App:29 - Inside Main Class
2022-04-15 23:18:25 INFO  App:29 - Inside Main Class
2022-04-15 23:19:06 INFO  App:29 - Inside Main Class
2022-04-15 23:19:10 INFO  AgentDAO:39 - Set HikariDataSource
2022-04-15 23:19:10 INFO  AgentDAO:46 - Set JdbcTemplate
2022-04-15 23:19:10 INFO  EmbeddedDatabaseFactory:190 - Starting embedded database: url='jdbc:h2:mem:55dcfa35-2d07-4143-8f2f-b7994a123d2a;DB_CLOSE_DELAY=-1;DB_CLOSE_ON_EXIT=false', username='sa'
2022-04-15 23:19:11 INFO  EmbeddedDatabaseFactory:221 - Shutting down embedded database: url='jdbc:h2:mem:55dcfa35-2d07-4143-8f2f-b7994a123d2a;DB_CLOSE_DELAY=-1;DB_CLOSE_ON_EXIT=false'
2022-04-16 00:30:01 INFO  App:29 - Inside Main Class
2022-04-16 00:30:05 INFO  AgentDAO:39 - Set HikariDataSource
2022-04-16 00:30:05 INFO  AgentDAO:46 - Set JdbcTemplate
2022-04-16 00:30:05 INFO  EmbeddedDatabaseFactory:190 - Starting embedded database: url='jdbc:h2:mem:734f7ce8-3a8b-41ff-a453-a74340490daf;DB_CLOSE_DELAY=-1;DB_CLOSE_ON_EXIT=false', username='sa'
2022-04-16 00:30:06 INFO  EmbeddedDatabaseFactory:221 - Shutting down embedded database: url='jdbc:h2:mem:734f7ce8-3a8b-41ff-a453-a74340490daf;DB_CLOSE_DELAY=-1;DB_CLOSE_ON_EXIT=false'
2022-04-16 00:31:20 INFO  App:29 - Inside Main Class
2022-04-16 00:31:23 INFO  AgentDAO:39 - Set HikariDataSource
2022-04-16 00:31:23 INFO  AgentDAO:46 - Set JdbcTemplate
2022-04-16 00:31:23 INFO  EmbeddedDatabaseFactory:190 - Starting embedded database: url='jdbc:h2:mem:81ad77d9-95b4-4a9f-8299-b03fcf6caa9e;DB_CLOSE_DELAY=-1;DB_CLOSE_ON_EXIT=false', username='sa'
2022-04-16 00:31:23 INFO  EmbeddedDatabaseFactory:221 - Shutting down embedded database: url='jdbc:h2:mem:81ad77d9-95b4-4a9f-8299-b03fcf6caa9e;DB_CLOSE_DELAY=-1;DB_CLOSE_ON_EXIT=false'
2022-04-16 00:32:22 INFO  App:29 - Inside Main Class
2022-04-16 00:32:26 INFO  AgentDAO:39 - Set HikariDataSource
2022-04-16 00:32:26 INFO  AgentDAO:46 - Set JdbcTemplate
2022-04-16 00:32:26 INFO  EmbeddedDatabaseFactory:190 - Starting embedded database: url='jdbc:h2:mem:e5aa50bb-de66-4ec6-be8d-11f2feb02543;DB_CLOSE_DELAY=-1;DB_CLOSE_ON_EXIT=false', username='sa'
2022-04-16 00:32:27 INFO  EmbeddedDatabaseFactory:221 - Shutting down embedded database: url='jdbc:h2:mem:e5aa50bb-de66-4ec6-be8d-11f2feb02543;DB_CLOSE_DELAY=-1;DB_CLOSE_ON_EXIT=false'
2022-04-16 00:32:27 INFO  AgentDAO:39 - Set HikariDataSource
2022-04-16 00:32:27 INFO  AgentDAO:46 - Set JdbcTemplate
2022-04-16 00:32:27 INFO  EmbeddedDatabaseFactory:190 - Starting embedded database: url='jdbc:h2:mem:8c3d36bc-bfdd-471b-bf5c-99ed0e6bb349;DB_CLOSE_DELAY=-1;DB_CLOSE_ON_EXIT=false', username='sa'
2022-04-16 00:32:27 INFO  AgentService:46 - Inside AgentService:: doTestDBConnection
2022-04-16 00:32:27 INFO  AgentDAO:58 - Connection Tested:: OK
2022-04-16 00:32:27 INFO  App:43 - XML based configuration was loaded successfully
2022-04-16 00:32:27 INFO  EmbeddedDatabaseFactory:221 - Shutting down embedded database: url='jdbc:h2:mem:8c3d36bc-bfdd-471b-bf5c-99ed0e6bb349;DB_CLOSE_DELAY=-1;DB_CLOSE_ON_EXIT=false'
2022-04-16 00:35:11 INFO  App:29 - Inside Main Class
2022-04-16 00:35:15 INFO  AgentDAO:39 - Set HikariDataSource
2022-04-16 00:35:15 INFO  AgentDAO:46 - Set JdbcTemplate
2022-04-16 00:35:15 INFO  EmbeddedDatabaseFactory:190 - Starting embedded database: url='jdbc:h2:mem:sampledata;DB_CLOSE_DELAY=-1;DB_CLOSE_ON_EXIT=false', username='sa'
2022-04-16 00:35:15 INFO  EmbeddedDatabaseFactory:221 - Shutting down embedded database: url='jdbc:h2:mem:sampledata;DB_CLOSE_DELAY=-1;DB_CLOSE_ON_EXIT=false'
2022-04-16 00:35:16 INFO  AgentDAO:39 - Set HikariDataSource
2022-04-16 00:35:16 INFO  AgentDAO:46 - Set JdbcTemplate
2022-04-16 00:35:16 INFO  EmbeddedDatabaseFactory:190 - Starting embedded database: url='jdbc:h2:mem:sampledata;DB_CLOSE_DELAY=-1;DB_CLOSE_ON_EXIT=false', username='sa'
2022-04-16 00:35:16 INFO  AgentService:46 - Inside AgentService:: doTestDBConnection
2022-04-16 00:35:16 INFO  AgentDAO:58 - Connection Tested:: OK
2022-04-16 00:35:16 INFO  App:43 - XML based configuration was loaded successfully
2022-04-16 00:35:16 INFO  EmbeddedDatabaseFactory:221 - Shutting down embedded database: url='jdbc:h2:mem:sampledata;DB_CLOSE_DELAY=-1;DB_CLOSE_ON_EXIT=false'
2022-04-16 00:47:17 INFO  App:29 - Inside Main Class
2022-04-16 00:47:20 INFO  AgentDAO:40 - Set HikariDataSource
2022-04-16 00:47:20 INFO  AgentDAO:47 - Set JdbcTemplate
2022-04-16 00:47:20 INFO  EmbeddedDatabaseFactory:190 - Starting embedded database: url='jdbc:h2:mem:sampledata;DB_CLOSE_DELAY=-1;DB_CLOSE_ON_EXIT=false', username='sa'
2022-04-16 00:47:21 INFO  EmbeddedDatabaseFactory:221 - Shutting down embedded database: url='jdbc:h2:mem:sampledata;DB_CLOSE_DELAY=-1;DB_CLOSE_ON_EXIT=false'
2022-04-16 00:47:22 INFO  AgentDAO:40 - Set HikariDataSource
2022-04-16 00:47:22 INFO  AgentDAO:47 - Set JdbcTemplate
2022-04-16 00:47:22 INFO  EmbeddedDatabaseFactory:190 - Starting embedded database: url='jdbc:h2:mem:sampledata;DB_CLOSE_DELAY=-1;DB_CLOSE_ON_EXIT=false', username='sa'
2022-04-16 00:47:22 INFO  AgentService:46 - Inside AgentService:: doTestDBConnection
2022-04-16 00:47:22 INFO  App:43 - XML based configuration was loaded successfully
2022-04-16 00:47:22 INFO  EmbeddedDatabaseFactory:221 - Shutting down embedded database: url='jdbc:h2:mem:sampledata;DB_CLOSE_DELAY=-1;DB_CLOSE_ON_EXIT=false'
2022-04-16 00:50:49 INFO  App:29 - Inside Main Class
2022-04-16 00:50:52 INFO  AgentDAO:40 - Set HikariDataSource
2022-04-16 00:50:52 INFO  AgentDAO:47 - Set JdbcTemplate
2022-04-16 00:50:52 INFO  EmbeddedDatabaseFactory:190 - Starting embedded database: url='jdbc:h2:mem:sampledata;DB_CLOSE_DELAY=-1;DB_CLOSE_ON_EXIT=false', username='sa'
2022-04-16 00:50:53 INFO  EmbeddedDatabaseFactory:221 - Shutting down embedded database: url='jdbc:h2:mem:sampledata;DB_CLOSE_DELAY=-1;DB_CLOSE_ON_EXIT=false'
2022-04-16 00:50:53 INFO  AgentDAO:40 - Set HikariDataSource
2022-04-16 00:50:53 INFO  AgentDAO:47 - Set JdbcTemplate
2022-04-16 00:50:53 INFO  EmbeddedDatabaseFactory:190 - Starting embedded database: url='jdbc:h2:mem:sampledata;DB_CLOSE_DELAY=-1;DB_CLOSE_ON_EXIT=false', username='sa'
2022-04-16 00:50:53 INFO  AgentService:46 - Inside AgentService:: doTestDBConnection
2022-04-16 00:50:53 INFO  AgentDAO:59 - Connection Tested:: OK1
2022-04-16 00:50:54 INFO  App:43 - XML based configuration was loaded successfully
2022-04-16 00:50:54 INFO  EmbeddedDatabaseFactory:221 - Shutting down embedded database: url='jdbc:h2:mem:sampledata;DB_CLOSE_DELAY=-1;DB_CLOSE_ON_EXIT=false'
2022-04-16 01:00:35 INFO  App:29 - Inside Main Class
2022-04-16 01:01:44 INFO  App:29 - Inside Main Class
2022-04-16 01:01:47 INFO  AgentDAO:42 - Set HikariDataSource
2022-04-16 01:01:47 INFO  AgentDAO:49 - Set JdbcTemplate
2022-04-16 01:02:50 INFO  App:29 - Inside Main Class
2022-04-16 01:02:54 INFO  AgentDAO:42 - Set HikariDataSource
2022-04-16 01:02:54 INFO  AgentDAO:49 - Set JdbcTemplate
2022-04-16 01:03:41 INFO  App:29 - Inside Main Class
2022-04-16 01:03:44 INFO  AgentDAO:42 - Set HikariDataSource
2022-04-16 01:03:44 INFO  AgentDAO:49 - Set JdbcTemplate
2022-04-16 01:03:45 INFO  AgentDAO:42 - Set HikariDataSource
2022-04-16 01:03:45 INFO  AgentDAO:49 - Set JdbcTemplate
2022-04-16 01:03:45 INFO  AgentService:46 - Inside AgentService:: doTestDBConnection
2022-04-16 01:03:45 INFO  AgentDAO:61 - Connection Tested:: OK1
2022-04-16 01:03:45 INFO  App:43 - XML based configuration was loaded successfully
2022-04-16 01:12:18 INFO  App:29 - Inside Main Class
2022-04-16 01:12:54 INFO  App:29 - Inside Main Class
2022-04-16 01:14:43 INFO  App:29 - Inside Main Class
2022-04-16 01:14:45 INFO  AgentDAO:52 - Set Resource Populator
2022-04-16 01:14:46 INFO  AgentDAO:44 - Set HikariDataSource
2022-04-16 01:14:46 INFO  AgentDAO:59 - Set JdbcTemplate
2022-04-16 01:14:47 INFO  AgentDAO:52 - Set Resource Populator
2022-04-16 01:14:47 INFO  AgentDAO:44 - Set HikariDataSource
2022-04-16 01:14:47 INFO  AgentDAO:59 - Set JdbcTemplate
2022-04-16 01:14:47 INFO  AgentService:46 - Inside AgentService:: doTestDBConnection
2022-04-16 01:14:48 INFO  AgentDAO:74 - Connection Tested:: OK
2022-04-16 01:14:48 INFO  App:43 - XML based configuration was loaded successfully
2022-04-16 01:21:47 INFO  App:29 - Inside Main Class
2022-04-16 01:21:49 INFO  AgentDAO:52 - Set Resource Populator
2022-04-16 01:21:50 INFO  AgentDAO:44 - Set HikariDataSource
2022-04-16 01:21:50 INFO  AgentDAO:59 - Set JdbcTemplate
2022-04-16 01:21:50 INFO  AgentDAO:52 - Set Resource Populator
2022-04-16 01:21:50 INFO  AgentDAO:44 - Set HikariDataSource
2022-04-16 01:21:50 INFO  AgentDAO:59 - Set JdbcTemplate
2022-04-16 01:21:50 INFO  AgentService:46 - Inside AgentService:: doTestDBConnection
2022-04-16 01:21:50 INFO  AgentDAO:91 - Populating Reosurce
2022-04-16 01:21:50 INFO  App:43 - XML based configuration was loaded successfully
2022-04-16 01:23:40 INFO  App:29 - Inside Main Class
2022-04-16 01:23:42 INFO  AgentDAO:52 - Set Resource Populator
2022-04-16 01:23:43 INFO  AgentDAO:44 - Set HikariDataSource
2022-04-16 01:23:43 INFO  AgentDAO:59 - Set JdbcTemplate
2022-04-16 01:23:43 INFO  AgentDAO:52 - Set Resource Populator
2022-04-16 01:23:43 INFO  AgentDAO:44 - Set HikariDataSource
2022-04-16 01:23:43 INFO  AgentDAO:59 - Set JdbcTemplate
2022-04-16 01:23:43 INFO  AgentService:46 - Inside AgentService:: doTestDBConnection
2022-04-16 01:23:43 INFO  AgentDAO:91 - Populating Reosurce
2022-04-16 01:23:43 INFO  App:43 - XML based configuration was loaded successfully
2022-04-16 01:24:47 INFO  App:29 - Inside Main Class
2022-04-16 01:24:48 INFO  AgentDAO:52 - Set Resource Populator
2022-04-16 01:24:48 INFO  AgentDAO:44 - Set HikariDataSource
2022-04-16 01:24:48 INFO  AgentDAO:59 - Set JdbcTemplate
2022-04-16 01:24:49 INFO  AgentDAO:52 - Set Resource Populator
2022-04-16 01:24:49 INFO  AgentDAO:44 - Set HikariDataSource
2022-04-16 01:24:49 INFO  AgentDAO:59 - Set JdbcTemplate
2022-04-16 01:24:49 INFO  AgentService:46 - Inside AgentService:: doTestDBConnection
2022-04-16 01:24:49 INFO  AgentDAO:91 - Populating Reosurce
2022-04-16 01:24:49 INFO  AgentDAO:75 - Connection Tested:: OK
2022-04-16 01:24:49 INFO  App:43 - XML based configuration was loaded successfully
2022-04-16 01:29:23 INFO  App:29 - Inside Main Class
2022-04-16 01:29:24 INFO  AgentDAO:52 - Set Resource Populator
2022-04-16 01:29:25 INFO  AgentDAO:44 - Set HikariDataSource
2022-04-16 01:29:25 INFO  AgentDAO:59 - Set JdbcTemplate
2022-04-16 01:29:25 INFO  AgentDAO:52 - Set Resource Populator
2022-04-16 01:29:25 INFO  AgentDAO:44 - Set HikariDataSource
2022-04-16 01:29:25 INFO  AgentDAO:59 - Set JdbcTemplate
2022-04-16 01:29:25 INFO  AgentService:46 - Inside AgentService:: doTestDBConnection
2022-04-16 01:29:25 INFO  AgentDAO:91 - Populating Reosurce
2022-04-16 01:29:25 INFO  AgentDAO:75 - Connection Tested:: OK
2022-04-16 01:29:25 INFO  App:43 - XML based configuration was loaded successfully
